Initialising. Log types: cci, debug, event, socket_status, socket_event
No socket tokens or chat channels found. Cannot initialise.
Constants file does not exist. Creating.
Reloaded all local configuration files
Reloaded all local configuration files
Initialising. Log types: cci, debug, event, socket_status, socket_event
Connecting to TwitchChat
Connecting to Streamlabs
Connected to TwitchChat
Event TC: :tmi.twitch.tv 001 justinfan72070 :Welcome, GLHF!
:tmi.twitch.tv 002 justinfan72070 :Your host is tmi.twitch.tv
:tmi.twitch.tv 003 justinfan72070 :This server is rather new
:tmi.twitch.tv 004 justinfan72070 :-
:tmi.twitch.tv 375 justinfan72070 :-
:tmi.twitch.tv 372 justinfan72070 :You are in a maze of twisty passages, all alike.
:tmi.twitch.tv 376 justinfan72070 :>
Event TC: :tmi.twitch.tv CAP * ACK :twitch.tv/tags
Event TC: :justinfan72070!justinfan72070@justinfan72070.tmi.twitch.tv JOIN #pixelatedfyre
:justinfan72070.tmi.twitch.tv 353 justinfan72070 = #pixelatedfyre :justinfan72070
:justinfan72070.tmi.twitch.tv 366 justinfan72070 #pixelatedfyre :End of /NAMES list
Connected to Streamlabs
Event SL: {"event_id":"evt_13f16a3046eab50c67a37d3cbc97a343","for":"twitch_account","type":"follow","message":[{"isTest":true,"name":"PixelatedFyre","_id":"99c3daa52ec46a695fb407e5e9d277e2","priority":10}]}
Event TC: @badge-info=subscriber/25;badges=broadcaster/1,subscriber/12,glhf-pledge/1;color=#F39AF3;display-name=PixelatedFyre;emotes=;flags=;id=f4aba0c5-fede-422f-8332-1925cb1930cd;mod=0;room-id=146743804;subscriber=1;tmi-sent-ts=1576898441140;turbo=0;user-id=146743804;user-type= :pixelatedfyre!pixelatedfyre@pixelatedfyre.tmi.twitch.tv PRIVMSG #pixelatedfyre :test
Event SL: {"event_id":"evt_c4aecb37f98fdfd58bb921ab1a49a34d","for":"twitch_account","type":"host","message":[{"viewers":1808,"isTest":true,"name":"PixelatedFyre","_id":"f1f2a41afc0f01a33978204b0a4ac95d","priority":10}]}
Event SL: {"event_id":"evt_65128eeaad4e6bdd2eecd482c404f20f","for":"twitch_account","type":"bits","message":[{"amount":"10000","isTest":true,"name":"PixelatedFyre","currency":"GBP","_id":"36d091014f2cdedc897c629f49801617","message":"cheer10000 this is a test bit alert","priority":10}]}
Event TC: PING :tmi.twitch.tv
Event SL: {"event_id":"evt_d4919f14a5c936cceaa0511957d36a58","for":"twitch_account","type":"bits","message":[{"amount":"500","isTest":true,"name":"PixelatedFyre","currency":"GBP","_id":"863e3cbab82d84d69a31faa4bbc6c91b","message":"cheer500 this is a test bit alert","priority":10}]}
Event SL: {"event_id":"evt_3d35941be1346ffd2de5f4fb5e50c70a","for":"twitch_account","type":"bits","message":[{"amount":"1000","isTest":true,"name":"PixelatedFyre","currency":"GBP","_id":"855a44a6a548168cdfa21e0e570edbf1","message":"cheer1000 this is a test bit alert","priority":10}]}
Event SL: {"event_id":"evt_421fec9c3ac7396c5515b3aeff722f2b","for":"twitch_account","type":"bits","message":[{"amount":"1","isTest":true,"name":"PixelatedFyre","currency":"GBP","_id":"96cd4c9b8a239402853bd9fb7203bf6f","message":"cheer1 this is a test bit alert","priority":10}]}
Event SL: {"event_id":"evt_cd794d2862f5466acc93cb4f0d5fd814","for":"streamlabs","type":"donation","message":[{"amount":23,"isTest":true,"name":"PixelatedFyre","currency":"GBP","from":"John","to":{"name":"PixelatedFyre"},"_id":"032612486b2dae1c5451ef95a805d4b9","message":"This is a test donation for £23.00.","priority":10,"formatted_amount":"£23.00","from_user_id":1}]}
Event SL: {"event_id":"evt_2e94bbf98868011bb88964518fc85ebf","for":"twitch_account","type":"host","message":[{"viewers":244,"isTest":true,"name":"PixelatedFyre","_id":"a3ef0ca55083992b8dce4751019c8923","priority":10}]}
Event SL: {"event_id":"evt_b28178477506e0e9234633c5b7f39324","for":"twitch_account","type":"follow","message":[{"isTest":true,"name":"PixelatedFyre","_id":"6fead164c6f8f087e08d554b259cf304","priority":10}]}
Event SL: {"event_id":"evt_a1649e0c3246ca28451d02909f7856e9","for":"twitch_account","type":"follow","message":[{"isTest":true,"name":"PixelatedFyre","_id":"fa0dc5d61979e3d32c650dc4611f26b1","priority":10}]}
Event SL: {"event_id":"evt_572888e817886e3a1a381136eb01a823","for":"twitch_account","type":"subscription","message":[{"sub_plan":"1000","months":1,"isTest":true,"emotes":null,"name":"PixelatedFyre","_id":"06aa51c659395da0f43c63f03ed98842","message":"This is a test","priority":10}]}
Event SL: {"event_id":"evt_06e90ff0912210b6b3f154c92805d5d6","for":"twitch_account","type":"subscription","message":[{"sub_plan":"1000","months":1,"isTest":true,"emotes":null,"name":"PixelatedFyre","_id":"d4ccfc917d6568504833cb438da772c8","message":"This is a test","priority":10}]}
Event SL: {"event_id":"evt_c80ea7c450c6e887133befa1409a7a34","for":"twitch_account","type":"follow","message":[{"isTest":true,"name":"PixelatedFyre","_id":"c223cba6ab983b8a457fd5c98954998e","priority":10}]}
Event SL: {"event_id":"evt_e31361bcf44141cf6d06b091101db8fe","for":"twitch_account","type":"follow","message":[{"isTest":true,"name":"PixelatedFyre","_id":"43e26f1dc7e26d123eaebd221aad08e7","priority":10}]}
Event SL: {"event_id":"evt_e14c061e0c70d70052d3159bdc32ec27","for":"twitch_account","type":"follow","message":[{"isTest":true,"name":"PixelatedFyre","_id":"b5ff60bc70ebbc36c30aa2388734a04b","priority":10}]}
Event SL: {"event_id":"evt_901656f2c8d0e9667fcb289f5e69be58","for":"twitch_account","type":"subscription","message":[{"sub_plan":"1000","months":1,"isTest":true,"emotes":null,"name":"PixelatedFyre","_id":"cd97e9dacc00c5d5a083204c30aaaea2","message":"This is a test","priority":10}]}
Event TC: PING :tmi.twitch.tv
Event SL: {"event_id":"evt_7293a7a4bf9e33c7a309cf522ad135a6","for":"streamlabs","type":"donation","message":[{"amount":99,"isTest":true,"name":"PixelatedFyre","currency":"GBP","from":"John","to":{"name":"PixelatedFyre"},"_id":"16f303d8ffa506e8a691416701d0880a","message":"This is a test donation for £99.00.","priority":10,"formatted_amount":"£99.00","from_user_id":1}]}
Event SL: {"event_id":"evt_76b850200a952f73c765fc9827ced74a","for":"twitch_account","type":"bits","message":[{"amount":"10","isTest":true,"name":"PixelatedFyre","currency":"GBP","_id":"0ffc61bf8096315535b600e4a50f4245","message":"cheer10 this is a test bit alert","priority":10}]}
Event SL: {"event_id":"evt_fc86d55b7f3e7403290e36c989f0623d","for":"twitch_account","type":"resub","message":[{"sub_plan":"1000","amount":41,"months":8,"isTest":true,"emotes":null,"name":"PixelatedFyre","_id":"c4999d4c2cbe541eff0ecbb728aa1ea3","streak_months":4,"message":"This is a test","priority":10}]}
Event SL: {"event_id":"evt_aa26b83247a921f3c2372c2d49c39f02","for":"twitch_account","type":"resub","message":[{"sub_plan":"1000","amount":39,"months":8,"isTest":true,"emotes":null,"name":"PixelatedFyre","_id":"d7184c1912c496d2472d0fe247803015","streak_months":4,"message":"This is a test","priority":10}]}
Event SL: {"event_id":"evt_1e541c25d8015b5cf25cb10a0b07a931","for":"twitch_account","type":"subscription","message":[{"sub_plan":"1000","months":1,"isTest":true,"emotes":null,"name":"PixelatedFyre","_id":"2ca6a16e435a221dbf9bee92b9b43dfd","message":"This is a test","priority":10}]}
Event SL: {"event_id":"evt_5104b7297d2c58c0d6e1f901b6e230d8","for":"twitch_account","type":"resub","message":[{"sub_plan":"1000","amount":83,"months":8,"isTest":true,"emotes":null,"name":"PixelatedFyre","_id":"b65f7b49dba0e36b93445d0a75641fad","streak_months":4,"message":"This is a test","priority":10}]}
Event SL: {"event_id":"evt_d3b327960e3a0bbb4a5a0c16b4c5c717","for":"streamlabs","type":"donation","message":[{"amount":27,"isTest":true,"name":"PixelatedFyre","currency":"GBP","from":"John","to":{"name":"PixelatedFyre"},"_id":"932c41a7319e86fcbbb6168b1333f651","message":"This is a test donation for £27.00.","priority":10,"formatted_amount":"£27.00","from_user_id":1}]}
Event SL: {"event_id":"evt_f45b28a62262e4e5313f60680e316be3","for":"streamlabs","type":"donation","message":[{"amount":4,"isTest":true,"name":"PixelatedFyre","currency":"GBP","from":"John","to":{"name":"PixelatedFyre"},"_id":"85d9d5332cf5fc9424fc74ea181fc5a5","message":"This is a test donation for £4.00.","priority":10,"formatted_amount":"£4.00","from_user_id":1}]}
Event SL: {"event_id":"evt_46ead1cdaaaad01aafd9ec5999bfa4a2","for":"streamlabs","type":"donation","message":[{"amount":91,"isTest":true,"name":"PixelatedFyre","currency":"GBP","from":"John","to":{"name":"PixelatedFyre"},"_id":"ea88b7fe89ff6b524cc54c433b0598bd","message":"This is a test donation for £91.00.","priority":10,"formatted_amount":"£91.00","from_user_id":1}]}
Event SL: {"event_id":"evt_09bdecedfd0518491d295961f6ca2b3f","for":"streamlabs","type":"donation","message":[{"amount":5,"isTest":true,"name":"PixelatedFyre","currency":"GBP","from":"John","to":{"name":"PixelatedFyre"},"_id":"3ebfd74fe149406aa058ca40457392d9","message":"This is a test donation for £5.00.","priority":10,"formatted_amount":"£5.00","from_user_id":1}]}
Event SL: {"event_id":"evt_153483694b2e61d9ffdebd35cb77b494","for":"streamlabs","type":"donation","message":[{"amount":12,"isTest":true,"name":"PixelatedFyre","currency":"GBP","from":"John","to":{"name":"PixelatedFyre"},"_id":"f2a00751a5f5f7a41383446f008fd270","message":"This is a test donation for £12.00.","priority":10,"formatted_amount":"£12.00","from_user_id":1}]}
Event SL: {"event_id":"evt_70ce57188b65365456534267be6b6b7e","for":"streamlabs","type":"donation","message":[{"amount":99,"isTest":true,"name":"PixelatedFyre","currency":"GBP","from":"John","to":{"name":"PixelatedFyre"},"_id":"54d091b7848dd7eff4bb58a9df1839e4","message":"This is a test donation for £99.00.","priority":10,"formatted_amount":"£99.00","from_user_id":1}]}
Event SL: {"event_id":"evt_9c7a290742af34036dc7fea35a928943","for":"streamlabs","type":"donation","message":[{"amount":14,"isTest":true,"name":"PixelatedFyre","currency":"GBP","from":"John","to":{"name":"PixelatedFyre"},"_id":"600348899a3057402cd9b248be6c4064","message":"This is a test donation for £14.00.","priority":10,"formatted_amount":"£14.00","from_user_id":1}]}
Event SL: {"event_id":"evt_8358f4caecf1d503b5b011e3936f2141","for":"streamlabs","type":"donation","message":[{"amount":30,"isTest":true,"name":"PixelatedFyre","currency":"GBP","from":"John","to":{"name":"PixelatedFyre"},"_id":"40c2cb353ec1cbfa007649b5f15b480e","message":"This is a test donation for £30.00.","priority":10,"formatted_amount":"£30.00","from_user_id":1}]}
Event SL: {"event_id":"evt_ea3d5de00535b649f81451d725f0b73b","for":"streamlabs","type":"donation","message":[{"amount":94,"isTest":true,"name":"PixelatedFyre","currency":"GBP","from":"John","to":{"name":"PixelatedFyre"},"_id":"4fffbb92d86b7cd5e3666f3ae54fbc51","message":"This is a test donation for £94.00.","priority":10,"formatted_amount":"£94.00","from_user_id":1}]}
Event SL: {"event_id":"evt_ce027330e56fb24edbd3b05cfe25f323","for":"streamlabs","type":"donation","message":[{"amount":15,"isTest":true,"name":"PixelatedFyre","currency":"GBP","from":"John","to":{"name":"PixelatedFyre"},"_id":"746f33d3b5a36152067973a83be8df00","message":"This is a test donation for £15.00.","priority":10,"formatted_amount":"£15.00","from_user_id":1}]}
Event SL: {"event_id":"evt_959145a6e0f8c8ec7487cc9172eff5b4","for":"streamlabs","type":"donation","message":[{"amount":14,"isTest":true,"name":"PixelatedFyre","currency":"GBP","from":"John","to":{"name":"PixelatedFyre"},"_id":"8121b79271cc0607a0c4d22722eddc69","message":"This is a test donation for £14.00.","priority":10,"formatted_amount":"£14.00","from_user_id":1}]}
Event SL: {"event_id":"evt_c071664a1f9bb49db1ecbf3a5ec08f27","for":"twitch_account","type":"host","message":[{"viewers":280,"isTest":true,"name":"PixelatedFyre","_id":"2822430a773ce04c9592c501950114fa","priority":10}]}
Event SL: {"event_id":"evt_51142860a482759d472ff54596be76ce","for":"twitch_account","type":"bits","message":[{"amount":"100","isTest":true,"name":"PixelatedFyre","currency":"GBP","_id":"c0e93edf5bf9e54660f08d5233bc936a","message":"cheer100 this is a test bit alert","priority":10}]}
Event SL: {"event_id":"evt_6c74f7d37cb19223ce8900ca2cfdfefb","for":"twitch_account","type":"bits","message":[{"amount":"10000","isTest":true,"name":"PixelatedFyre","currency":"GBP","_id":"008109b568e347ec413427ef0b233996","message":"cheer10000 this is a test bit alert","priority":10}]}
Event SL: {"event_id":"evt_49a033536c7b66159f7e798327a597af","for":"twitch_account","type":"bits","message":[{"amount":"10000","isTest":true,"name":"PixelatedFyre","currency":"GBP","_id":"45becc760a6a51a7b4e1271d6af1b6b6","message":"cheer10000 this is a test bit alert","priority":10}]}
Event SL: {"event_id":"evt_84d99f23c82988300d0bfa33f4a23dcb","for":"twitch_account","type":"bits","message":[{"amount":"10","isTest":true,"name":"PixelatedFyre","currency":"GBP","_id":"e8a76e14e1f8faf9aacd2f7b8bc1cdda","message":"cheer10 this is a test bit alert","priority":10}]}
Event SL: {"event_id":"evt_e733541b1feaffde2c28c38722bf55d9","for":"twitch_account","type":"bits","message":[{"amount":"10","isTest":true,"name":"PixelatedFyre","currency":"GBP","_id":"8e9266b2373becb1e92c834c89a648ce","message":"cheer10 this is a test bit alert","priority":10}]}
Event SL: {"event_id":"evt_4521d2db9877395e35dd0d1e48232a97","for":"twitch_account","type":"bits","message":[{"amount":"10","isTest":true,"name":"PixelatedFyre","currency":"GBP","_id":"b027b208688183a3156596ba4abce42a","message":"cheer10 this is a test bit alert","priority":10}]}
Event SL: {"event_id":"evt_bf71250bbcdde4c668fbc7262d4389f0","for":"twitch_account","type":"bits","message":[{"amount":"1000","isTest":true,"name":"PixelatedFyre","currency":"GBP","_id":"23b6ae68193b15bc375cb6feeedefe3d","message":"cheer1000 this is a test bit alert","priority":10}]}
Event SL: {"event_id":"evt_adcfb161dee1260bc718e643a10abb5f","for":"twitch_account","type":"bits","message":[{"amount":"10","isTest":true,"name":"PixelatedFyre","currency":"GBP","_id":"60da6e6cc7634bd74a85f4b9fb85f219","message":"cheer10 this is a test bit alert","priority":10}]}
Event SL: {"event_id":"evt_829f81a6635d28308d8baa0a1494de77","for":"twitch_account","type":"bits","message":[{"amount":"10","isTest":true,"name":"PixelatedFyre","currency":"GBP","_id":"8d4c1384540cac0c6cd42a44bc3b1926","message":"cheer10 this is a test bit alert","priority":10}]}
Event SL: {"event_id":"evt_a1147b25577e0aa340686410f3c3fe83","for":"twitch_account","type":"bits","message":[{"amount":"100","isTest":true,"name":"PixelatedFyre","currency":"GBP","_id":"9d28e8e20be4a1a690eb4061c8afd99c","message":"cheer100 this is a test bit alert","priority":10}]}
Event SL: {"event_id":"evt_b7d9d7ae59507bfef646806a5f6fbb33","for":"twitch_account","type":"bits","message":[{"amount":"100","isTest":true,"name":"PixelatedFyre","currency":"GBP","_id":"99a593eb21e619a816ef0eb98b4c7b6e","message":"cheer100 this is a test bit alert","priority":10}]}
Event SL: {"event_id":"evt_4de4fbd0315b9c8f1214af9469376c36","for":"twitch_account","type":"bits","message":[{"amount":"100","isTest":true,"name":"PixelatedFyre","currency":"GBP","_id":"4092612f0aea8182135811283d0a222c","message":"cheer100 this is a test bit alert","priority":10}]}
Event SL: {"event_id":"evt_9025b548fac4e817a4a2524900c02db7","for":"twitch_account","type":"bits","message":[{"amount":"10000","isTest":true,"name":"PixelatedFyre","currency":"GBP","_id":"d9d3b107b408ead1a22d18df2da45f14","message":"cheer10000 this is a test bit alert","priority":10}]}
Event SL: {"event_id":"evt_37f44d44fc00c14bca18864b0fe9ffbf","for":"twitch_account","type":"bits","message":[{"amount":"500","isTest":true,"name":"PixelatedFyre","currency":"GBP","_id":"6967aef3c4764bc632971e35702af3ca","message":"cheer500 this is a test bit alert","priority":10}]}
Event SL: {"event_id":"evt_96a1eee3e4147258ac197f610c6d41ce","for":"twitch_account","type":"bits","message":[{"amount":"500","isTest":true,"name":"PixelatedFyre","currency":"GBP","_id":"2b8a04f65d77684472d3508d26c614da","message":"cheer500 this is a test bit alert","priority":10}]}
Event SL: {"event_id":"evt_85ebe23871cc196b48b0a0a8bda23c70","for":"twitch_account","type":"bits","message":[{"amount":"1","isTest":true,"name":"PixelatedFyre","currency":"GBP","_id":"9c816b8683321604fd8d400ce495ff04","message":"cheer1 this is a test bit alert","priority":10}]}
Event SL: {"event_id":"evt_eaa88539baada7d22e7818859225beb1","for":"twitch_account","type":"raid","message":[{"isTest":true,"name":"PixelatedFyre","_id":"6ddbf051241432070d627f0772bfdb3b","priority":10,"raiders":402}]}
Event SL: {"event_id":"evt_e2e0278c537676d1af426057068b1089","for":"twitch_account","type":"raid","message":[{"isTest":true,"name":"PixelatedFyre","_id":"42b8912050a10925cd84196337e1ecbb","priority":10,"raiders":1293}]}
Event SL: {"event_id":"evt_36ee326e756b975aafa260c5ada9e2fa","for":"patreon","type":"pledge","message":[{"amount":65,"isTest":true,"name":"PixelatedFyre","currency":"GBP","from":"John","to":{"name":"PixelatedFyre"},"_id":"b78a7cca7eead2708372b5bbe16f288f","priority":10,"formatted_amount":"£65.00"}]}
Event SL: {"event_id":"evt_d03aa1ac751a3f0eaa631ebc3702448b","for":"streamlabs","type":"merch","message":[{"product":"T-shirt","condition":"MERCH_PRODUCT","imageHref":"https://uploads.twitchalerts.com/000/105/166/207/891265-mockup-152840970714082-0.png","isTest":true,"name":"PixelatedFyre","from":"John","to":{"name":"PixelatedFyre"},"_id":"03c876473b9ac963e9a74304b4089d42","message":"This is a test merch","priority":10}]}
Event SL: {"event_id":"evt_d9af628647f21903d663b7b7f0ece1c2","for":"streamlabs","type":"loyalty_store_redemption","message":[{"product":"Dummy","imageHref":"/images/gallery/default.gif","isTest":true,"name":"PixelatedFyre","from":"John","to":{"name":"PixelatedFyre"},"_id":"6f6c265341e6596db4154fbdfb23f3ba","message":"This is a test cloudbot redemption","priority":10}]}
Event TC: PING :tmi.twitch.tv
Event TC: PING :tmi.twitch.tv
Event TC: PING :tmi.twitch.tv
Event TC: PING :tmi.twitch.tv
Event TC: PING :tmi.twitch.tv
Event TC: PING :tmi.twitch.tv
Event TC: PING :tmi.twitch.tv
Event TC: PING :tmi.twitch.tv
Event TC: PING :tmi.twitch.tv
Initialising. Log types: cci, debug, event, socket_status, socket_event
No socket tokens or chat channels found. Cannot initialise.
Initialising. Log types: cci, debug, event, socket_status, socket_event
No socket tokens or chat channels found. Cannot initialise.
Initialising. Log types: cci, debug, event, socket_status, socket_event
No socket tokens or chat channels found. Cannot initialise.
Initialising. Log types: cci, debug, event, socket_status, socket_event
No socket tokens or chat channels found. Cannot initialise.
Initialising. Log types: cci, debug, event, socket_status, socket_event
No socket tokens or chat channels found. Cannot initialise.
Initialising. Log types: cci, debug, event, socket_status, socket_event
No socket tokens or chat channels found. Cannot initialise.
Initialising. Log types: cci, debug, event, socket_status, socket_event
No socket tokens or chat channels found. Cannot initialise.
