[01:14:56] [Client thread/INFO] [JMLogger] JourneyMap log initialized.
[01:14:56] [Client thread/INFO] [JourneymapClient] initialize ENTER
[01:14:56] [Client thread/INFO] [?] Version: JourneyMap 1.12.2-5.5.6, built with Forge 14.23.5.2768
Forge: 14.23.5.2847
Environment: os.name, os.arch, java.version, user.country, user.language=null, game language=en_us, locale=en_us
Features: 
	RadarPlayers : singleplayer = true , multiplayer = true
	RadarAnimals : singleplayer = true , multiplayer = true
	RadarMobs : singleplayer = true , multiplayer = true
	RadarVillagers : singleplayer = true , multiplayer = true
	MapTopo : singleplayer = true , multiplayer = true
	MapSurface : singleplayer = true , multiplayer = true
	MapCaves : singleplayer = true , multiplayer = true
MiniMapProperties{state=Valid, file=journeymap.minimap.config, configVersion=5.5.6, zoomLevel=0, showPlayers=true, frameAlpha=100, compassFontScale=1, terrainAlpha=100, showEntityNames=true, enabled=true, showPlayerHeading=true, showVillagers=true, info2Label=Game Time, sizePercent=30, showDayNight=true, info3Label=Location, showMobs=true, showPets=true, preferredMapType=day, showCompass=true, mobDisplay=Small Icons, showReticle=true, orientation=North, systemTimeRealFormat=HH:mm:ss, shape=Square, showSelf=true, info4Label=Biome, locationFormat=xzyv, playerDisplay=Small Icons, showGrid=false, reticleOrientation=Compass, gameTimeRealFormat=HH:mm:ss, showWaypoints=true, showCaves=true, showAnimals=true, showMobHeading=true, showWaypointLabels=true, locationFormatVerbose=true, position=Top Right, info1Label=Blank, fontScale=1}
MiniMapProperties{state=Valid, file=journeymap.minimap2.config, configVersion=5.5.6, zoomLevel=0, showPlayers=true, frameAlpha=100, compassFontScale=1, terrainAlpha=100, showEntityNames=true, enabled=true, showPlayerHeading=true, showVillagers=true, info2Label=Game Time, sizePercent=30, showDayNight=true, info3Label=Location, showMobs=true, showPets=true, preferredMapType=day, showCompass=true, mobDisplay=Small Dots, showReticle=true, orientation=North, systemTimeRealFormat=HH:mm:ss, shape=Rectangle, showSelf=true, info4Label=Biome, locationFormat=xzyv, playerDisplay=Small Dots, showGrid=true, reticleOrientation=Compass, gameTimeRealFormat=HH:mm:ss, showWaypoints=true, showCaves=true, showAnimals=true, showMobHeading=true, showWaypointLabels=true, locationFormatVerbose=true, position=Top Right, info1Label=Blank, fontScale=1}
FullMapProperties{state=Valid, file=journeymap.fullmap.config, configVersion=5.5.6, mobDisplay=Small Icons, zoomLevel=0, showPlayers=true, showSelf=true, locationFormat=xzyv, playerDisplay=Small Icons, showGrid=false, showEntityNames=true, showPlayerHeading=true, showVillagers=true, showWaypoints=true, showCaves=true, showAnimals=true, showMobHeading=true, showKeys=true, showWaypointLabels=true, locationFormatVerbose=true, showMobs=true, showPets=true, fontScale=1, preferredMapType=day}
WaypointProperties{state=Valid, file=journeymap.waypoint.config, configVersion=5.5.6, autoRemoveDeathpointDistance=2, createDeathpoints=true, showName=true, dateFormat=MM-dd-yyyy, autoRemoveDeathpoints=false, maxDistance=0, autoHideLabel=true, teleportCommand=/tp {name} {x} {y} {z}, showStaticBeam=true, minDistance=4, timeFormat=HH:mm:ss, boldLabel=false, textureSmall=true, showDeathpointlabel=true, showDistance=true, showRotatingBeam=true, fontScale=2, showTexture=true, managerEnabled=true, beaconEnabled=true}
WebMapProperties{state=Valid, file=journeymap.webmap.config, configVersion=5.5.6, zoomLevel=0, showWaypoints=true, showCaves=true, showSelf=true, port=8080, showGrid=true, showEntityNames=true, enabled=false, googleMapApiDomain=.com, preferredMapType=day}
CoreProperties{state=Valid, file=journeymap.core.config, configVersion=5.5.6, verboseColorPalette=false, maxPlayersData=32, mapSurfaceAboveCaves=true, optionsManagerViewed=5.5.6, announceMod=true, colorPassive=#bbbbbb, renderOverlayEventTypeName=ALL, mapBlendWater=false, renderDistanceSurfaceMax=7, radarVerticalDistance=16, mapBlendGrass=true, recordCacheStats=false, hideSneakingEntities=true, revealShape=Circle, alwaysMapSurface=false, colorVillager=#88e188, mapPlants=false, colorPet=#0077ff, radarLateralDistance=64, mapBathymetry=false, mapCrops=true, maxMobsData=32, mapPlantShadows=false, alwaysMapCaves=false, checkUpdates=true, browserPoll=2000, mapBlendFoliage=true, mappingEnabled=true, colorPlayer=#ffffff, tileHighDisplayQuality=true, cacheVillagersData=2200, logLevel=INFO, maxVillagersData=32, maxAnimalsData=32, mapTransparency=true, tileRenderType=1, caveIgnoreGlass=true, mapTopography=true, renderDistanceCaveMax=3, mapAntialiasing=true, colorSelf=#0000ff, cachePlayersData=2000, cacheMobsData=3000, cachePlayerData=1000, splashViewed=5.5.6, colorHostile=#ff0000, cacheAnimalsData=3100, themeName=ForestMansion, mapCaveLighting=true, renderDelay=2, renderOverlayPreEvent=true, autoMapPoll=2000}
[01:14:56] [Client thread/INFO] [ClientAPI] [ClientAPI] built with JourneyMap API 1.4
[01:14:56] [Client thread/INFO] [PluginHelper] Initializing plugins with Client API: journeymap.client.api.impl.ClientAPI
[01:14:56] [Client thread/INFO] [PluginHelper] Initialized IClientPlugin: net.blay09.mods.waystones.compat.JourneyMapAddon
[01:14:56] [Client thread/INFO] [PluginHelper] Initialized IClientPlugin: com.teamacronymcoders.base.modules.journeymap.JourneyMapPlugin
[01:14:56] [Client thread/INFO] [JourneymapClient] initialize EXIT, elapsed count 0 avg ?ms
[01:15:07] [Client thread/DEBUG] [JourneymapClient] postInitialize ENTER
[01:15:08] [Client thread/DEBUG] [EventHandlerManager] Handler registered: journeymap.client.forge.event.KeyEventHandler
[01:15:08] [Client thread/DEBUG] [EventHandlerManager] Handler registered: journeymap.client.forge.event.ChatEventHandler
[01:15:08] [Client thread/DEBUG] [EventHandlerManager] Handler registered: journeymap.client.forge.event.StateTickHandler
[01:15:08] [Client thread/DEBUG] [EventHandlerManager] Handler registered: journeymap.client.forge.event.WorldEventHandler
[01:15:08] [Client thread/DEBUG] [EventHandlerManager] Handler registered: journeymap.client.forge.event.WaypointBeaconHandler
[01:15:08] [Client thread/DEBUG] [EventHandlerManager] Handler registered: journeymap.client.forge.event.TextureAtlasHandler
[01:15:08] [Client thread/DEBUG] [EventHandlerManager] Handler registered: journeymap.client.forge.event.MiniMapOverlayHandler
[01:15:08] [Client thread/DEBUG] [EventHandlerManager] Handler registered: journeymap.client.forge.event.PlayerConnectHandler
[01:15:08] [Client thread/DEBUG] [EventHandlerManager] Handler registered: journeymap.client.world.ChunkMonitor
[01:15:08] [Client thread/INFO] [IconSetFileHandler] Added entity icons from journeymap:icon/entity. Success: false
[01:15:08] [Client thread/TRACE] [ThemeLoader] Initializing themes ...
[01:15:08] [Client thread/INFO] [ThemeLoader] Preloaded theme textures: 73
[01:15:08] [Client thread/DEBUG] [JourneymapClient] postInitialize EXIT, elapsed§8 count §r1§8 avg §r526.69§8ms§r
[01:16:17] [Client thread/INFO] [WaypointStore] Loaded 1 waypoints from C:\Users\PixelatedFyre\Documents\MultiMC\instances\SigmaLPCraftLP1\.minecraft\journeymap\data\sp\New World\waypoints
[01:16:17] [Client thread/INFO] [JourneymapClient] Mapping started in C:\Users\PixelatedFyre\Documents\MultiMC\instances\SigmaLPCraftLP1\.minecraft\journeymap\data\sp\New World\DIM0. Memory: 4096MB total, 1686MB free 
[01:16:17] [Client thread/INFO] [ChatLog] JourneyMap: Press [J]
[01:16:18] [Client thread/INFO] [ModBlockDelegate] Custom modded block handling enabled for bibliocraft
[01:16:18] [Client thread/INFO] [ModBlockDelegate] Custom modded block handling enabled for biomesoplenty
[01:17:11] [Client thread/WARN] [TextureCache] Image not found: mowziesmobs:textures/entity_icon/barakoa_bliss.png
[01:17:11] [Client thread/WARN] [TextureCache] Image not found: mowziesmobs:textures/entity_icon/barakoa_fear.png
[01:17:11] [Client thread/WARN] [TextureCache] Image not found: mowziesmobs:textures/entity_icon/barakoa_fury.png
[01:17:11] [Client thread/WARN] [TextureCache] Image not found: mowziesmobs:textures/entity_icon/barakoa_rage.png
[01:19:20] [Client thread/WARN] [TextureCache] Image not found: ebwizardry:textures/entity_icon/evil_wizard_3.png
[01:23:21] [Client thread/WARN] [TextureCache] Image not found: rats:textures/entity_icon/rat/rat_brown.png
[01:23:21] [Client thread/WARN] [TextureCache] Image not found: rats:textures/entity_icon/rat/rat_black.png
[01:23:21] [Client thread/WARN] [TextureCache] Image not found: rats:textures/entity_icon/rat/rat_blue.png
[01:23:21] [Client thread/WARN] [TextureCache] Image not found: thermalfoundation:textures/entity_icon/blitz_xmas.png
[01:33:00] [Client thread/INFO] [JourneymapClient] Mapping halted in C:\Users\PixelatedFyre\Documents\MultiMC\instances\SigmaLPCraftLP1\.minecraft\journeymap\data\sp\New World\DIM0
